# Nmap 7.94SVN scan initiated Wed May  8 11:32:57 2024 as: nmap -Pn -T4 -A -v -oN nmapip36.log 10.15.42.36
Nmap scan report for 10.15.42.36
Host is up (0.033s latency).
Not shown: 997 filtered tcp ports (no-response)
PORT     STATE SERVICE VERSION
21/tcp   open  ftp     vsftpd 2.0.8 or later
| ftp-anon: Anonymous FTP login allowed (FTP code 230)
|_-rwxrwxr-x    1 ftp      ftp          1997 May 04 15:40 backup.sql
|_ftp-bounce: bounce working!
22/tcp   open  ssh     OpenSSH 8.2p1 Ubuntu 4ubuntu0.5 (Ubuntu Linux; protocol 2.0)
| ssh-hostkey: 
|   3072 ca:12:a1:08:41:b8:5b:01:b2:2b:c6:64:9d:01:ce:e0 (RSA)
|   256 df:e6:37:47:be:43:54:96:1f:40:43:9b:d7:ac:78:ad (ECDSA)
|_  256 b5:74:86:8d:ee:74:51:2a:38:09:67:38:7d:a0:e6:c0 (ED25519)
8888/tcp open  http    Apache httpd 2.4.38 ((Debian))
| http-methods: 
|_  Supported Methods: GET POST OPTIONS
|_http-server-header: Apache/2.4.38 (Debian)
|_http-title: Login Page
Service Info: OS: Linux; CPE: cpe:/o:linux:linux_kernel

Read data files from: /usr/bin/../share/nmap
Service detection performed. Please report any incorrect results at https://nmap.org/submit/ .
# Nmap done at Wed May  8 11:33:26 2024 -- 1 IP address (1 host up) scanned in 28.82 seconds
